ARM GAS  C:\Users\Mohamad\AppData\Local\Temp\ccv862rk.s 			page 1


   1              		.syntax unified
   2              		.cpu cortex-m4
   3              		.fpu softvfp
   4              		.eabi_attribute 20, 1
   5              		.eabi_attribute 21, 1
   6              		.eabi_attribute 23, 3
   7              		.eabi_attribute 24, 1
   8              		.eabi_attribute 25, 1
   9              		.eabi_attribute 26, 1
  10              		.eabi_attribute 30, 2
  11              		.eabi_attribute 34, 1
  12              		.eabi_attribute 18, 4
  13              		.thumb
  14              		.file	"AHRS.c"
  15              		.text
  16              	.Ltext0:
  17              		.cfi_sections	.debug_frame
  18              		.section	.text.have_gps,"ax",%progbits
  19              		.align	2
  20              		.p2align 4,,15
  21              		.global	have_gps
  22              		.thumb
  23              		.thumb_func
  24              		.type	have_gps, %function
  25              	have_gps:
  26              	.LFB118:
  27              		.file 1 "AHRS.c"
  28              		.loc 1 56 0
  29              		.cfi_startproc
  30              		@ args = 0, pretend = 0, frame = 0
  31              		@ frame_needed = 0, uses_anonymous_args = 0
  32              		@ link register save eliminated.
  33              		.loc 1 57 0
  34 0000 40F20003 		movw	r3, #:lower16:FIX_TYPE
  35 0004 C0F20003 		movt	r3, #:upper16:FIX_TYPE
  36 0008 1878     		ldrb	r0, [r3, #0]	@ zero_extendqisi2
  37              		.loc 1 58 0
  38 000a 0128     		cmp	r0, #1
  39 000c 94BF     		ite	ls
  40 000e 0020     		movls	r0, #0
  41 0010 0120     		movhi	r0, #1
  42 0012 7047     		bx	lr
  43              		.cfi_endproc
  44              	.LFE118:
  45              		.size	have_gps, .-have_gps
  46 0014 AFF30080 		.section	.text.get_GPS_ground_speed,"ax",%progbits
  46      AFF30080 
  46      AFF30080 
  47              		.align	2
  48              		.p2align 4,,15
  49              		.global	get_GPS_ground_speed
  50              		.thumb
  51              		.thumb_func
  52              		.type	get_GPS_ground_speed, %function
  53              	get_GPS_ground_speed:
  54              	.LFB119:
  55              		.loc 1 60 0
ARM GAS  C:\Users\Mohamad\AppData\Local\Temp\ccv862rk.s 			page 2


  56              		.cfi_startproc
  57              		@ args = 0, pretend = 0, frame = 0
  58              		@ frame_needed = 0, uses_anonymous_args = 0
  59              		@ link register save eliminated.
  60              		.loc 1 61 0
  61 0000 40F20003 		movw	r3, #:lower16:ground_speed
  62 0004 C0F20003 		movt	r3, #:upper16:ground_speed
  63              		.loc 1 62 0
  64 0008 1868     		ldr	r0, [r3, #0]	@ float
  65 000a 7047     		bx	lr
  66              		.cfi_endproc
  67              	.LFE119:
  68              		.size	get_GPS_ground_speed, .-get_GPS_ground_speed
  69 000c AFF30080 		.section	.text.get_GPS_FIX_TYPE,"ax",%progbits
  70              		.align	2
  71              		.p2align 4,,15
  72              		.global	get_GPS_FIX_TYPE
  73              		.thumb
  74              		.thumb_func
  75              		.type	get_GPS_FIX_TYPE, %function
  76              	get_GPS_FIX_TYPE:
  77              	.LFB120:
  78              		.loc 1 65 0
  79              		.cfi_startproc
  80              		@ args = 0, pretend = 0, frame = 0
  81              		@ frame_needed = 0, uses_anonymous_args = 0
  82              		@ link register save eliminated.
  83              		.loc 1 66 0
  84 0000 40F20003 		movw	r3, #:lower16:FIX_TYPE
  85 0004 C0F20003 		movt	r3, #:upper16:FIX_TYPE
  86              		.loc 1 67 0
  87 0008 1878     		ldrb	r0, [r3, #0]	@ zero_extendqisi2
  88 000a 7047     		bx	lr
  89              		.cfi_endproc
  90              	.LFE120:
  91              		.size	get_GPS_FIX_TYPE, .-get_GPS_FIX_TYPE
  92 000c AFF30080 		.section	.text.get_GPS_ground_course_cd,"ax",%progbits
  93              		.align	2
  94              		.p2align 4,,15
  95              		.global	get_GPS_ground_course_cd
  96              		.thumb
  97              		.thumb_func
  98              		.type	get_GPS_ground_course_cd, %function
  99              	get_GPS_ground_course_cd:
 100              	.LFB121:
 101              		.loc 1 70 0
 102              		.cfi_startproc
 103              		@ args = 0, pretend = 0, frame = 0
 104              		@ frame_needed = 0, uses_anonymous_args = 0
 105              		@ link register save eliminated.
 106              		.loc 1 71 0
 107 0000 40F20003 		movw	r3, #:lower16:ground_course_cd
 108 0004 C0F20003 		movt	r3, #:upper16:ground_course_cd
 109              		.loc 1 72 0
 110 0008 1868     		ldr	r0, [r3, #0]
 111 000a 7047     		bx	lr
 112              		.cfi_endproc
ARM GAS  C:\Users\Mohamad\AppData\Local\Temp\ccv862rk.s 			page 3


 113              	.LFE121:
 114              		.size	get_GPS_ground_course_cd, .-get_GPS_ground_course_cd
 115 000c AFF30080 		.section	.text.get_GPS_Location,"ax",%progbits
 116              		.align	2
 117              		.p2align 4,,15
 118              		.global	get_GPS_Location
 119              		.thumb
 120              		.thumb_func
 121              		.type	get_GPS_Location, %function
 122              	get_GPS_Location:
 123              	.LFB122:
 124              		.loc 1 75 0
 125              		.cfi_startproc
 126              		@ args = 0, pretend = 0, frame = 0
 127              		@ frame_needed = 0, uses_anonymous_args = 0
 128              		@ link register save eliminated.
 129              	.LVL0:
 130              		.loc 1 80 0
 131 0000 40F20002 		movw	r2, #:lower16:gps_altitude
 132 0004 C0F20002 		movt	r2, #:upper16:gps_altitude
 133              		.loc 1 75 0
 134 0008 30B4     		push	{r4, r5}
 135              	.LCFI0:
 136              		.cfi_def_cfa_offset 8
 137              		.cfi_offset 4, -8
 138              		.cfi_offset 5, -4
 139              		.loc 1 78 0
 140 000a 40F20001 		movw	r1, #:lower16:longitude
 141              		.loc 1 77 0
 142 000e 40F20004 		movw	r4, #:lower16:latitude
 143              		.loc 1 80 0
 144 0012 1578     		ldrb	r5, [r2, #0]	@ zero_extendqisi2
 145              		.loc 1 77 0
 146 0014 C0F20004 		movt	r4, #:upper16:latitude
 147              		.loc 1 78 0
 148 0018 C0F20001 		movt	r1, #:upper16:longitude
 149              		.loc 1 77 0
 150 001c 2468     		ldr	r4, [r4, #0]
 151              	.LVL1:
 152              		.loc 1 78 0
 153 001e 0968     		ldr	r1, [r1, #0]
 154              	.LVL2:
 155              		.loc 1 80 0
 156 0020 4570     		strb	r5, [r0, #1]
 157 0022 5578     		ldrb	r5, [r2, #1]	@ zero_extendqisi2
 158 0024 4460     		str	r4, [r0, #4]
 159 0026 8570     		strb	r5, [r0, #2]
 160 0028 9278     		ldrb	r2, [r2, #2]	@ zero_extendqisi2
 161 002a 8160     		str	r1, [r0, #8]
 162 002c C270     		strb	r2, [r0, #3]
 163              		.loc 1 81 0
 164 002e 30BC     		pop	{r4, r5}
 165 0030 7047     		bx	lr
 166              		.cfi_endproc
 167              	.LFE122:
 168              		.size	get_GPS_Location, .-get_GPS_Location
 169 0032 00BFAFF3 		.section	.text.get_GPS_velocity,"ax",%progbits
ARM GAS  C:\Users\Mohamad\AppData\Local\Temp\ccv862rk.s 			page 4


 169      0080AFF3 
 169      0080AFF3 
 169      0080
 170              		.align	2
 171              		.p2align 4,,15
 172              		.global	get_GPS_velocity
 173              		.thumb
 174              		.thumb_func
 175              		.type	get_GPS_velocity, %function
 176              	get_GPS_velocity:
 177              	.LFB123:
 178              		.loc 1 84 0
 179              		.cfi_startproc
 180              		@ args = 0, pretend = 0, frame = 0
 181              		@ frame_needed = 0, uses_anonymous_args = 0
 182              		@ link register save eliminated.
 183              	.LVL3:
 184              		.loc 1 85 0
 185 0000 40F20003 		movw	r3, #:lower16:NED_vlocity
 186 0004 C0F20003 		movt	r3, #:upper16:NED_vlocity
 187              		.loc 1 84 0
 188 0008 10B4     		push	{r4}
 189              	.LCFI1:
 190              		.cfi_def_cfa_offset 4
 191              		.cfi_offset 4, -4
 192              		.loc 1 84 0
 193 000a 0446     		mov	r4, r0
 194              		.loc 1 85 0
 195 000c 93E80700 		ldmia	r3, {r0, r1, r2}
 196              	.LVL4:
 197 0010 84E80700 		stmia	r4, {r0, r1, r2}
 198              		.loc 1 86 0
 199 0014 2046     		mov	r0, r4
 200 0016 10BC     		pop	{r4}
 201 0018 7047     		bx	lr
 202              		.cfi_endproc
 203              	.LFE123:
 204              		.size	get_GPS_velocity, .-get_GPS_velocity
 205 001a 00BFAFF3 		.section	.text.get_GPS_num_sats,"ax",%progbits
 205      0080
 206              		.align	2
 207              		.p2align 4,,15
 208              		.global	get_GPS_num_sats
 209              		.thumb
 210              		.thumb_func
 211              		.type	get_GPS_num_sats, %function
 212              	get_GPS_num_sats:
 213              	.LFB124:
 214              		.loc 1 89 0
 215              		.cfi_startproc
 216              		@ args = 0, pretend = 0, frame = 0
 217              		@ frame_needed = 0, uses_anonymous_args = 0
 218              		@ link register save eliminated.
 219              		.loc 1 90 0
 220 0000 40F20003 		movw	r3, #:lower16:satellites
 221 0004 C0F20003 		movt	r3, #:upper16:satellites
 222              		.loc 1 91 0
ARM GAS  C:\Users\Mohamad\AppData\Local\Temp\ccv862rk.s 			page 5


 223 0008 1878     		ldrb	r0, [r3, #0]	@ zero_extendqisi2
 224 000a 7047     		bx	lr
 225              		.cfi_endproc
 226              	.LFE124:
 227              		.size	get_GPS_num_sats, .-get_GPS_num_sats
 228 000c AFF30080 		.section	.text.get_GPS_last_fix_time_ms,"ax",%progbits
 229              		.align	2
 230              		.p2align 4,,15
 231              		.global	get_GPS_last_fix_time_ms
 232              		.thumb
 233              		.thumb_func
 234              		.type	get_GPS_last_fix_time_ms, %function
 235              	get_GPS_last_fix_time_ms:
 236              	.LFB125:
 237              		.loc 1 94 0
 238              		.cfi_startproc
 239              		@ args = 0, pretend = 0, frame = 0
 240              		@ frame_needed = 0, uses_anonymous_args = 0
 241              		@ link register save eliminated.
 242              		.loc 1 95 0
 243 0000 40F20003 		movw	r3, #:lower16:last_fix_time_ms
 244 0004 C0F20003 		movt	r3, #:upper16:last_fix_time_ms
 245              		.loc 1 96 0
 246 0008 1868     		ldr	r0, [r3, #0]
 247 000a 7047     		bx	lr
 248              		.cfi_endproc
 249              	.LFE125:
 250              		.size	get_GPS_last_fix_time_ms, .-get_GPS_last_fix_time_ms
 251 000c AFF30080 		.section	.text.get_Airspeed,"ax",%progbits
 252              		.align	2
 253              		.p2align 4,,15
 254              		.global	get_Airspeed
 255              		.thumb
 256              		.thumb_func
 257              		.type	get_Airspeed, %function
 258              	get_Airspeed:
 259              	.LFB126:
 260              		.loc 1 103 0
 261              		.cfi_startproc
 262              		@ args = 0, pretend = 0, frame = 0
 263              		@ frame_needed = 0, uses_anonymous_args = 0
 264              		@ link register save eliminated.
 265              		.loc 1 105 0
 266 0000 7047     		bx	lr
 267              		.cfi_endproc
 268              	.LFE126:
 269              		.size	get_Airspeed, .-get_Airspeed
 270 0002 00BFAFF3 		.section	.text.Airspeed_using,"ax",%progbits
 270      0080AFF3 
 270      0080AFF3 
 270      0080
 271              		.align	2
 272              		.p2align 4,,15
 273              		.global	Airspeed_using
 274              		.thumb
 275              		.thumb_func
 276              		.type	Airspeed_using, %function
ARM GAS  C:\Users\Mohamad\AppData\Local\Temp\ccv862rk.s 			page 6


 277              	Airspeed_using:
 278              	.LFB127:
 279              		.loc 1 107 0
 280              		.cfi_startproc
 281              		@ args = 0, pretend = 0, frame = 0
 282              		@ frame_needed = 0, uses_anonymous_args = 0
 283              		@ link register save eliminated.
 284              		.loc 1 109 0
 285 0000 7047     		bx	lr
 286              		.cfi_endproc
 287              	.LFE127:
 288              		.size	Airspeed_using, .-Airspeed_using
 289 0002 00BFAFF3 		.section	.text.ins_healthy,"ax",%progbits
 289      0080AFF3 
 289      0080AFF3 
 289      0080
 290              		.align	2
 291              		.p2align 4,,15
 292              		.global	ins_healthy
 293              		.thumb
 294              		.thumb_func
 295              		.type	ins_healthy, %function
 296              	ins_healthy:
 297              	.LFB128:
 298              		.loc 1 112 0
 299              		.cfi_startproc
 300              		@ args = 0, pretend = 0, frame = 0
 301              		@ frame_needed = 0, uses_anonymous_args = 0
 302              		@ link register save eliminated.
 303              		.loc 1 113 0
 304 0000 054B     		ldr	r3, .L16
 305 0002 1878     		ldrb	r0, [r3, #0]	@ zero_extendqisi2
 306 0004 28B9     		cbnz	r0, .L14
 307              		.loc 1 113 0 is_stmt 0 discriminator 2
 308 0006 0549     		ldr	r1, .L16+4
 309 0008 0A78     		ldrb	r2, [r1, #0]	@ zero_extendqisi2
 310 000a 12B9     		cbnz	r2, .L14
 311              		.loc 1 113 0 discriminator 1
 312 000c 044B     		ldr	r3, .L16+8
 313 000e 1878     		ldrb	r0, [r3, #0]	@ zero_extendqisi2
 314 0010 7047     		bx	lr
 315              	.L14:
 316              		.loc 1 113 0
 317 0012 0120     		movs	r0, #1
 318              		.loc 1 114 0 is_stmt 1
 319 0014 7047     		bx	lr
 320              	.L17:
 321 0016 00BF     		.align	2
 322              	.L16:
 323 0018 00000000 		.word	gyro_accel_healthy
 324 001c 00000000 		.word	baro_healthy
 325 0020 00000000 		.word	comp_healthy
 326              		.cfi_endproc
 327              	.LFE128:
 328              		.size	ins_healthy, .-ins_healthy
 329 0024 AFF30080 		.section	.text.Compass_last_update,"ax",%progbits
 329      AFF30080 
ARM GAS  C:\Users\Mohamad\AppData\Local\Temp\ccv862rk.s 			page 7


 329      AFF30080 
 330              		.align	2
 331              		.p2align 4,,15
 332              		.global	Compass_last_update
 333              		.thumb
 334              		.thumb_func
 335              		.type	Compass_last_update, %function
 336              	Compass_last_update:
 337              	.LFB129:
 338              		.loc 1 123 0
 339              		.cfi_startproc
 340              		@ args = 0, pretend = 0, frame = 0
 341              		@ frame_needed = 0, uses_anonymous_args = 0
 342              		@ link register save eliminated.
 343              		.loc 1 124 0
 344 0000 40F20003 		movw	r3, #:lower16:Comp_last_update
 345 0004 C0F20003 		movt	r3, #:upper16:Comp_last_update
 346              		.loc 1 125 0
 347 0008 1868     		ldr	r0, [r3, #0]
 348 000a 7047     		bx	lr
 349              		.cfi_endproc
 350              	.LFE129:
 351              		.size	Compass_last_update, .-Compass_last_update
 352              		.global	_gps_use
 353              		.global	gps_gain
 354              		.global	_gps_minsats
 355              		.global	gyro_drift_limit
 356              		.global	yaw_sensor
 357              		.global	pitch_sensor
 358              		.global	roll_sensor
 359              		.global	_trim
 360 000c AFF30080 		.section	.bss.pitch_sensor,"aw",%nobits
 361              		.align	2
 362              		.type	pitch_sensor, %object
 363              		.size	pitch_sensor, 4
 364              	pitch_sensor:
 365 0000 00000000 		.space	4
 366              		.section	.data._gps_use,"aw",%progbits
 367              		.type	_gps_use, %object
 368              		.size	_gps_use, 1
 369              	_gps_use:
 370 0000 01       		.byte	1
 371              		.section	.data._trim,"aw",%progbits
 372              		.align	2
 373              		.type	_trim, %object
 374              		.size	_trim, 12
 375              	_trim:
 376 0000 0000803F 		.word	1065353216
 377 0004 0000803F 		.word	1065353216
 378 0008 0000803F 		.word	1065353216
 379              		.section	.bss.roll_sensor,"aw",%nobits
 380              		.align	2
 381              		.type	roll_sensor, %object
 382              		.size	roll_sensor, 4
 383              	roll_sensor:
 384 0000 00000000 		.space	4
 385              		.section	.data.gps_gain,"aw",%progbits
ARM GAS  C:\Users\Mohamad\AppData\Local\Temp\ccv862rk.s 			page 8


 386              		.align	2
 387              		.type	gps_gain, %object
 388              		.size	gps_gain, 4
 389              	gps_gain:
 390 0000 0000803F 		.word	1065353216
 391              		.section	.data._gps_minsats,"aw",%progbits
 392              		.type	_gps_minsats, %object
 393              		.size	_gps_minsats, 1
 394              	_gps_minsats:
 395 0000 06       		.byte	6
 396              		.section	.bss.yaw_sensor,"aw",%nobits
 397              		.align	2
 398              		.type	yaw_sensor, %object
 399              		.size	yaw_sensor, 4
 400              	yaw_sensor:
 401 0000 00000000 		.space	4
 402              		.section	.data.gyro_drift_limit,"aw",%progbits
 403              		.align	2
 404              		.type	gyro_drift_limit, %object
 405              		.size	gyro_drift_limit, 4
 406              	gyro_drift_limit:
 407 0000 906E1839 		.word	957902480
 408              		.text
 409              	.Letext0:
 410              		.file 2 "c:\\chibistudio\\tools\\gnu tools arm embedded\\4.7 2014q2\\bin\\../lib/gcc/arm-none-eabi
 411              		.file 3 "../../chibios/os/ports/GCC/ARMCMx/chtypes.h"
 412              		.file 4 "DP_Math.h"
 413              		.file 5 "AHRS.h"
 414              		.file 6 "../../chibios/os/ports/common/ARMCMx/CMSIS/include/core_cm4.h"
 415              		.file 7 "ms5611.h"
 416              		.file 8 "MPU6050.h"
 417              		.file 9 "hmc5883.h"
 418              		.file 10 "DOWRAN_GPS/GPS_ublox.h"
 419              		.section	.debug_info,"",%progbits
 420              	.Ldebug_info0:
 421 0000 6B040000 		.4byte	0x46b
 422 0004 0200     		.2byte	0x2
 423 0006 00000000 		.4byte	.Ldebug_abbrev0
 424 000a 04       		.byte	0x4
 425 000b 01       		.uleb128 0x1
 426 000c 55000000 		.4byte	.LASF64
 427 0010 01       		.byte	0x1
 428 0011 DF010000 		.4byte	.LASF65
 429 0015 A4010000 		.4byte	.LASF66
 430 0019 00000000 		.4byte	.Ldebug_ranges0+0
 431 001d 00000000 		.4byte	0
 432 0021 00000000 		.4byte	0
 433 0025 00000000 		.4byte	.Ldebug_line0
 434 0029 02       		.uleb128 0x2
 435 002a 04       		.byte	0x4
 436 002b 05       		.byte	0x5
 437 002c 696E7400 		.ascii	"int\000"
 438 0030 03       		.uleb128 0x3
 439 0031 04       		.byte	0x4
 440 0032 07       		.byte	0x7
 441 0033 5E020000 		.4byte	.LASF0
 442 0037 04       		.uleb128 0x4
ARM GAS  C:\Users\Mohamad\AppData\Local\Temp\ccv862rk.s 			page 9


 443 0038 2F000000 		.4byte	.LASF2
 444 003c 02       		.byte	0x2
 445 003d 29       		.byte	0x29
 446 003e 42000000 		.4byte	0x42
 447 0042 03       		.uleb128 0x3
 448 0043 01       		.byte	0x1
 449 0044 06       		.byte	0x6
 450 0045 13020000 		.4byte	.LASF1
 451 0049 04       		.uleb128 0x4
 452 004a 21010000 		.4byte	.LASF3
 453 004e 02       		.byte	0x2
 454 004f 2A       		.byte	0x2a
 455 0050 54000000 		.4byte	0x54
 456 0054 03       		.uleb128 0x3
 457 0055 01       		.byte	0x1
 458 0056 08       		.byte	0x8
 459 0057 05020000 		.4byte	.LASF4
 460 005b 03       		.uleb128 0x3
 461 005c 02       		.byte	0x2
 462 005d 05       		.byte	0x5
 463 005e 42000000 		.4byte	.LASF5
 464 0062 03       		.uleb128 0x3
 465 0063 02       		.byte	0x2
 466 0064 07       		.byte	0x7
 467 0065 AF020000 		.4byte	.LASF6
 468 0069 04       		.uleb128 0x4
 469 006a D0020000 		.4byte	.LASF7
 470 006e 02       		.byte	0x2
 471 006f 4F       		.byte	0x4f
 472 0070 74000000 		.4byte	0x74
 473 0074 03       		.uleb128 0x3
 474 0075 04       		.byte	0x4
 475 0076 05       		.byte	0x5
 476 0077 9B010000 		.4byte	.LASF8
 477 007b 04       		.uleb128 0x4
 478 007c 41020000 		.4byte	.LASF9
 479 0080 02       		.byte	0x2
 480 0081 50       		.byte	0x50
 481 0082 86000000 		.4byte	0x86
 482 0086 03       		.uleb128 0x3
 483 0087 04       		.byte	0x4
 484 0088 07       		.byte	0x7
 485 0089 0F030000 		.4byte	.LASF10
 486 008d 03       		.uleb128 0x3
 487 008e 08       		.byte	0x8
 488 008f 05       		.byte	0x5
 489 0090 69010000 		.4byte	.LASF11
 490 0094 03       		.uleb128 0x3
 491 0095 08       		.byte	0x8
 492 0096 07       		.byte	0x7
 493 0097 77010000 		.4byte	.LASF12
 494 009b 04       		.uleb128 0x4
 495 009c D8020000 		.4byte	.LASF13
 496 00a0 03       		.byte	0x3
 497 00a1 2B       		.byte	0x2b
 498 00a2 A6000000 		.4byte	0xa6
 499 00a6 03       		.uleb128 0x3
ARM GAS  C:\Users\Mohamad\AppData\Local\Temp\ccv862rk.s 			page 10


 500 00a7 01       		.byte	0x1
 501 00a8 02       		.byte	0x2
 502 00a9 EA020000 		.4byte	.LASF14
 503 00ad 03       		.uleb128 0x3
 504 00ae 04       		.byte	0x4
 505 00af 07       		.byte	0x7
 506 00b0 4C000000 		.4byte	.LASF15
 507 00b4 03       		.uleb128 0x3
 508 00b5 01       		.byte	0x1
 509 00b6 08       		.byte	0x8
 510 00b7 CB020000 		.4byte	.LASF16
 511 00bb 03       		.uleb128 0x3
 512 00bc 04       		.byte	0x4
 513 00bd 04       		.byte	0x4
 514 00be 56010000 		.4byte	.LASF17
 515 00c2 05       		.uleb128 0x5
 516 00c3 9E030000 		.4byte	.LASF19
 517 00c7 0C       		.byte	0xc
 518 00c8 04       		.byte	0x4
 519 00c9 0C       		.byte	0xc
 520 00ca F3000000 		.4byte	0xf3
 521 00ce 06       		.uleb128 0x6
 522 00cf 7800     		.ascii	"x\000"
 523 00d1 04       		.byte	0x4
 524 00d2 0D       		.byte	0xd
 525 00d3 F3000000 		.4byte	0xf3
 526 00d7 02       		.byte	0x2
 527 00d8 23       		.byte	0x23
 528 00d9 00       		.uleb128 0
 529 00da 06       		.uleb128 0x6
 530 00db 7900     		.ascii	"y\000"
 531 00dd 04       		.byte	0x4
 532 00de 0E       		.byte	0xe
 533 00df F3000000 		.4byte	0xf3
 534 00e3 02       		.byte	0x2
 535 00e4 23       		.byte	0x23
 536 00e5 04       		.uleb128 0x4
 537 00e6 06       		.uleb128 0x6
 538 00e7 7A00     		.ascii	"z\000"
 539 00e9 04       		.byte	0x4
 540 00ea 0F       		.byte	0xf
 541 00eb F3000000 		.4byte	0xf3
 542 00ef 02       		.byte	0x2
 543 00f0 23       		.byte	0x23
 544 00f1 08       		.uleb128 0x8
 545 00f2 00       		.byte	0
 546 00f3 07       		.uleb128 0x7
 547 00f4 BB000000 		.4byte	0xbb
 548 00f8 04       		.uleb128 0x4
 549 00f9 C2020000 		.4byte	.LASF18
 550 00fd 04       		.byte	0x4
 551 00fe 10       		.byte	0x10
 552 00ff C2000000 		.4byte	0xc2
 553 0103 05       		.uleb128 0x5
 554 0104 2B020000 		.4byte	.LASF20
 555 0108 01       		.byte	0x1
 556 0109 05       		.byte	0x5
ARM GAS  C:\Users\Mohamad\AppData\Local\Temp\ccv862rk.s 			page 11


 557 010a 42       		.byte	0x42
 558 010b 54010000 		.4byte	0x154
 559 010f 08       		.uleb128 0x8
 560 0110 5F030000 		.4byte	.LASF21
 561 0114 05       		.byte	0x5
 562 0115 43       		.byte	0x43
 563 0116 49000000 		.4byte	0x49
 564 011a 01       		.byte	0x1
 565 011b 01       		.byte	0x1
 566 011c 07       		.byte	0x7
 567 011d 02       		.byte	0x2
 568 011e 23       		.byte	0x23
 569 011f 00       		.uleb128 0
 570 0120 08       		.uleb128 0x8
 571 0121 28030000 		.4byte	.LASF22
 572 0125 05       		.byte	0x5
 573 0126 44       		.byte	0x44
 574 0127 49000000 		.4byte	0x49
 575 012b 01       		.byte	0x1
 576 012c 01       		.byte	0x1
 577 012d 06       		.byte	0x6
 578 012e 02       		.byte	0x2
 579 012f 23       		.byte	0x23
 580 0130 00       		.uleb128 0
 581 0131 08       		.uleb128 0x8
 582 0132 82030000 		.4byte	.LASF23
 583 0136 05       		.byte	0x5
 584 0137 45       		.byte	0x45
 585 0138 49000000 		.4byte	0x49
 586 013c 01       		.byte	0x1
 587 013d 01       		.byte	0x1
 588 013e 05       		.byte	0x5
 589 013f 02       		.byte	0x2
 590 0140 23       		.byte	0x23
 591 0141 00       		.uleb128 0
 592 0142 08       		.uleb128 0x8
 593 0143 EC010000 		.4byte	.LASF24
 594 0147 05       		.byte	0x5
 595 0148 46       		.byte	0x46
 596 0149 49000000 		.4byte	0x49
 597 014d 01       		.byte	0x1
 598 014e 01       		.byte	0x1
 599 014f 04       		.byte	0x4
 600 0150 02       		.byte	0x2
 601 0151 23       		.byte	0x23
 602 0152 00       		.uleb128 0
 603 0153 00       		.byte	0
 604 0154 09       		.uleb128 0x9
 605 0155 4C4F4600 		.ascii	"LOF\000"
 606 0159 05       		.byte	0x5
 607 015a 47       		.byte	0x47
 608 015b 03010000 		.4byte	0x103
 609 015f 0A       		.uleb128 0xa
 610 0160 01       		.byte	0x1
 611 0161 05       		.byte	0x5
 612 0162 4A       		.byte	0x4a
 613 0163 7E010000 		.4byte	0x17e
ARM GAS  C:\Users\Mohamad\AppData\Local\Temp\ccv862rk.s 			page 12


 614 0167 0B       		.uleb128 0xb
 615 0168 E6010000 		.4byte	.LASF25
 616 016c 05       		.byte	0x5
 617 016d 4B       		.byte	0x4b
 618 016e 54010000 		.4byte	0x154
 619 0172 0B       		.uleb128 0xb
 620 0173 F6020000 		.4byte	.LASF26
 621 0177 05       		.byte	0x5
 622 0178 4C       		.byte	0x4c
 623 0179 49000000 		.4byte	0x49
 624 017d 00       		.byte	0
 625 017e 05       		.uleb128 0x5
 626 017f D3010000 		.4byte	.LASF27
 627 0183 0C       		.byte	0xc
 628 0184 05       		.byte	0x5
 629 0185 49       		.byte	0x49
 630 0186 C0010000 		.4byte	0x1c0
 631 018a 0C       		.uleb128 0xc
 632 018b 5F010000 		.4byte	0x15f
 633 018f 02       		.byte	0x2
 634 0190 23       		.byte	0x23
 635 0191 00       		.uleb128 0
 636 0192 0D       		.uleb128 0xd
 637 0193 616C7400 		.ascii	"alt\000"
 638 0197 05       		.byte	0x5
 639 0198 52       		.byte	0x52
 640 0199 69000000 		.4byte	0x69
 641 019d 04       		.byte	0x4
 642 019e 18       		.byte	0x18
 643 019f 00       		.byte	0
 644 01a0 02       		.byte	0x2
 645 01a1 23       		.byte	0x23
 646 01a2 00       		.uleb128 0
 647 01a3 06       		.uleb128 0x6
 648 01a4 6C617400 		.ascii	"lat\000"
 649 01a8 05       		.byte	0x5
 650 01a9 53       		.byte	0x53
 651 01aa 69000000 		.4byte	0x69
 652 01ae 02       		.byte	0x2
 653 01af 23       		.byte	0x23
 654 01b0 04       		.uleb128 0x4
 655 01b1 06       		.uleb128 0x6
 656 01b2 6C6E6700 		.ascii	"lng\000"
 657 01b6 05       		.byte	0x5
 658 01b7 54       		.byte	0x54
 659 01b8 69000000 		.4byte	0x69
 660 01bc 02       		.byte	0x2
 661 01bd 23       		.byte	0x23
 662 01be 08       		.uleb128 0x8
 663 01bf 00       		.byte	0
 664 01c0 04       		.uleb128 0x4
 665 01c1 30030000 		.4byte	.LASF28
 666 01c5 05       		.byte	0x5
 667 01c6 55       		.byte	0x55
 668 01c7 7E010000 		.4byte	0x17e
 669 01cb 07       		.uleb128 0x7
 670 01cc 69000000 		.4byte	0x69
ARM GAS  C:\Users\Mohamad\AppData\Local\Temp\ccv862rk.s 			page 13


 671 01d0 03       		.uleb128 0x3
 672 01d1 08       		.byte	0x8
 673 01d2 04       		.byte	0x4
 674 01d3 21030000 		.4byte	.LASF29
 675 01d7 03       		.uleb128 0x3
 676 01d8 08       		.byte	0x8
 677 01d9 04       		.byte	0x4
 678 01da D9000000 		.4byte	.LASF30
 679 01de 0E       		.uleb128 0xe
 680 01df 01       		.byte	0x1
 681 01e0 18010000 		.4byte	.LASF31
 682 01e4 01       		.byte	0x1
 683 01e5 37       		.byte	0x37
 684 01e6 01       		.byte	0x1
 685 01e7 9B000000 		.4byte	0x9b
 686 01eb 00000000 		.4byte	.LFB118
 687 01ef 14000000 		.4byte	.LFE118
 688 01f3 02       		.byte	0x2
 689 01f4 7D       		.byte	0x7d
 690 01f5 00       		.sleb128 0
 691 01f6 01       		.byte	0x1
 692 01f7 0E       		.uleb128 0xe
 693 01f8 01       		.byte	0x1
 694 01f9 39030000 		.4byte	.LASF32
 695 01fd 01       		.byte	0x1
 696 01fe 3B       		.byte	0x3b
 697 01ff 01       		.byte	0x1
 698 0200 BB000000 		.4byte	0xbb
 699 0204 00000000 		.4byte	.LFB119
 700 0208 0C000000 		.4byte	.LFE119
 701 020c 02       		.byte	0x2
 702 020d 7D       		.byte	0x7d
 703 020e 00       		.sleb128 0
 704 020f 01       		.byte	0x1
 705 0210 0E       		.uleb128 0xe
 706 0211 01       		.byte	0x1
 707 0212 0D000000 		.4byte	.LASF33
 708 0216 01       		.byte	0x1
 709 0217 40       		.byte	0x40
 710 0218 01       		.byte	0x1
 711 0219 49000000 		.4byte	0x49
 712 021d 00000000 		.4byte	.LFB120
 713 0221 0C000000 		.4byte	.LFE120
 714 0225 02       		.byte	0x2
 715 0226 7D       		.byte	0x7d
 716 0227 00       		.sleb128 0
 717 0228 01       		.byte	0x1
 718 0229 0E       		.uleb128 0xe
 719 022a 01       		.byte	0x1
 720 022b B7000000 		.4byte	.LASF34
 721 022f 01       		.byte	0x1
 722 0230 45       		.byte	0x45
 723 0231 01       		.byte	0x1
 724 0232 69000000 		.4byte	0x69
 725 0236 00000000 		.4byte	.LFB121
 726 023a 0C000000 		.4byte	.LFE121
 727 023e 02       		.byte	0x2
ARM GAS  C:\Users\Mohamad\AppData\Local\Temp\ccv862rk.s 			page 14


 728 023f 7D       		.byte	0x7d
 729 0240 00       		.sleb128 0
 730 0241 01       		.byte	0x1
 731 0242 0F       		.uleb128 0xf
 732 0243 01       		.byte	0x1
 733 0244 07010000 		.4byte	.LASF67
 734 0248 01       		.byte	0x1
 735 0249 4A       		.byte	0x4a
 736 024a 01       		.byte	0x1
 737 024b C0010000 		.4byte	0x1c0
 738 024f 00000000 		.4byte	.LFB122
 739 0253 32000000 		.4byte	.LFE122
 740 0257 00000000 		.4byte	.LLST0
 741 025b 01       		.byte	0x1
 742 025c 6E020000 		.4byte	0x26e
 743 0260 10       		.uleb128 0x10
 744 0261 6C00     		.ascii	"l\000"
 745 0263 01       		.byte	0x1
 746 0264 4C       		.byte	0x4c
 747 0265 C0010000 		.4byte	0x1c0
 748 0269 20000000 		.4byte	.LLST1
 749 026d 00       		.byte	0
 750 026e 11       		.uleb128 0x11
 751 026f 01       		.byte	0x1
 752 0270 1E000000 		.4byte	.LASF35
 753 0274 01       		.byte	0x1
 754 0275 53       		.byte	0x53
 755 0276 01       		.byte	0x1
 756 0277 F8000000 		.4byte	0xf8
 757 027b 00000000 		.4byte	.LFB123
 758 027f 1A000000 		.4byte	.LFE123
 759 0283 4B000000 		.4byte	.LLST2
 760 0287 01       		.byte	0x1
 761 0288 0E       		.uleb128 0xe
 762 0289 01       		.byte	0x1
 763 028a 4E030000 		.4byte	.LASF36
 764 028e 01       		.byte	0x1
 765 028f 58       		.byte	0x58
 766 0290 01       		.byte	0x1
 767 0291 49000000 		.4byte	0x49
 768 0295 00000000 		.4byte	.LFB124
 769 0299 0C000000 		.4byte	.LFE124
 770 029d 02       		.byte	0x2
 771 029e 7D       		.byte	0x7d
 772 029f 00       		.sleb128 0
 773 02a0 01       		.byte	0x1
 774 02a1 0E       		.uleb128 0xe
 775 02a2 01       		.byte	0x1
 776 02a3 9E000000 		.4byte	.LASF37
 777 02a7 01       		.byte	0x1
 778 02a8 5D       		.byte	0x5d
 779 02a9 01       		.byte	0x1
 780 02aa 7B000000 		.4byte	0x7b
 781 02ae 00000000 		.4byte	.LFB125
 782 02b2 0C000000 		.4byte	.LFE125
 783 02b6 02       		.byte	0x2
 784 02b7 7D       		.byte	0x7d
ARM GAS  C:\Users\Mohamad\AppData\Local\Temp\ccv862rk.s 			page 15


 785 02b8 00       		.sleb128 0
 786 02b9 01       		.byte	0x1
 787 02ba 0E       		.uleb128 0xe
 788 02bb 01       		.byte	0x1
 789 02bc A2020000 		.4byte	.LASF38
 790 02c0 01       		.byte	0x1
 791 02c1 66       		.byte	0x66
 792 02c2 01       		.byte	0x1
 793 02c3 BB000000 		.4byte	0xbb
 794 02c7 00000000 		.4byte	.LFB126
 795 02cb 02000000 		.4byte	.LFE126
 796 02cf 02       		.byte	0x2
 797 02d0 7D       		.byte	0x7d
 798 02d1 00       		.sleb128 0
 799 02d2 01       		.byte	0x1
 800 02d3 0E       		.uleb128 0xe
 801 02d4 01       		.byte	0x1
 802 02d5 47010000 		.4byte	.LASF39
 803 02d9 01       		.byte	0x1
 804 02da 6A       		.byte	0x6a
 805 02db 01       		.byte	0x1
 806 02dc 9B000000 		.4byte	0x9b
 807 02e0 00000000 		.4byte	.LFB127
 808 02e4 02000000 		.4byte	.LFE127
 809 02e8 02       		.byte	0x2
 810 02e9 7D       		.byte	0x7d
 811 02ea 00       		.sleb128 0
 812 02eb 01       		.byte	0x1
 813 02ec 0E       		.uleb128 0xe
 814 02ed 01       		.byte	0x1
 815 02ee 1F020000 		.4byte	.LASF40
 816 02f2 01       		.byte	0x1
 817 02f3 6F       		.byte	0x6f
 818 02f4 01       		.byte	0x1
 819 02f5 9B000000 		.4byte	0x9b
 820 02f9 00000000 		.4byte	.LFB128
 821 02fd 24000000 		.4byte	.LFE128
 822 0301 02       		.byte	0x2
 823 0302 7D       		.byte	0x7d
 824 0303 00       		.sleb128 0
 825 0304 01       		.byte	0x1
 826 0305 0E       		.uleb128 0xe
 827 0306 01       		.byte	0x1
 828 0307 4A020000 		.4byte	.LASF41
 829 030b 01       		.byte	0x1
 830 030c 7A       		.byte	0x7a
 831 030d 01       		.byte	0x1
 832 030e 7B000000 		.4byte	0x7b
 833 0312 00000000 		.4byte	.LFB129
 834 0316 0C000000 		.4byte	.LFE129
 835 031a 02       		.byte	0x2
 836 031b 7D       		.byte	0x7d
 837 031c 00       		.sleb128 0
 838 031d 01       		.byte	0x1
 839 031e 12       		.uleb128 0x12
 840 031f F0020000 		.4byte	.LASF42
 841 0323 01       		.byte	0x1
ARM GAS  C:\Users\Mohamad\AppData\Local\Temp\ccv862rk.s 			page 16


 842 0324 0F       		.byte	0xf
 843 0325 F8000000 		.4byte	0xf8
 844 0329 01       		.byte	0x1
 845 032a 05       		.byte	0x5
 846 032b 03       		.byte	0x3
 847 032c 00000000 		.4byte	_trim
 848 0330 12       		.uleb128 0x12
 849 0331 EE000000 		.4byte	.LASF43
 850 0335 01       		.byte	0x1
 851 0336 12       		.byte	0x12
 852 0337 69000000 		.4byte	0x69
 853 033b 01       		.byte	0x1
 854 033c 05       		.byte	0x5
 855 033d 03       		.byte	0x3
 856 033e 00000000 		.4byte	roll_sensor
 857 0342 12       		.uleb128 0x12
 858 0343 5C010000 		.4byte	.LASF44
 859 0347 01       		.byte	0x1
 860 0348 13       		.byte	0x13
 861 0349 69000000 		.4byte	0x69
 862 034d 01       		.byte	0x1
 863 034e 05       		.byte	0x5
 864 034f 03       		.byte	0x3
 865 0350 00000000 		.4byte	pitch_sensor
 866 0354 12       		.uleb128 0x12
 867 0355 DF020000 		.4byte	.LASF45
 868 0359 01       		.byte	0x1
 869 035a 14       		.byte	0x14
 870 035b 69000000 		.4byte	0x69
 871 035f 01       		.byte	0x1
 872 0360 05       		.byte	0x5
 873 0361 03       		.byte	0x3
 874 0362 00000000 		.4byte	yaw_sensor
 875 0366 12       		.uleb128 0x12
 876 0367 FE020000 		.4byte	.LASF46
 877 036b 01       		.byte	0x1
 878 036c 1A       		.byte	0x1a
 879 036d BB000000 		.4byte	0xbb
 880 0371 01       		.byte	0x1
 881 0372 05       		.byte	0x5
 882 0373 03       		.byte	0x3
 883 0374 00000000 		.4byte	gyro_drift_limit
 884 0378 12       		.uleb128 0x12
 885 0379 79030000 		.4byte	.LASF47
 886 037d 01       		.byte	0x1
 887 037e 35       		.byte	0x35
 888 037f 37000000 		.4byte	0x37
 889 0383 01       		.byte	0x1
 890 0384 05       		.byte	0x5
 891 0385 03       		.byte	0x3
 892 0386 00000000 		.4byte	_gps_use
 893 038a 12       		.uleb128 0x12
 894 038b 8E010000 		.4byte	.LASF48
 895 038f 01       		.byte	0x1
 896 0390 27       		.byte	0x27
 897 0391 49000000 		.4byte	0x49
 898 0395 01       		.byte	0x1
ARM GAS  C:\Users\Mohamad\AppData\Local\Temp\ccv862rk.s 			page 17


 899 0396 05       		.byte	0x5
 900 0397 03       		.byte	0x3
 901 0398 00000000 		.4byte	_gps_minsats
 902 039c 12       		.uleb128 0x12
 903 039d E5000000 		.4byte	.LASF49
 904 03a1 01       		.byte	0x1
 905 03a2 2E       		.byte	0x2e
 906 03a3 BB000000 		.4byte	0xbb
 907 03a7 01       		.byte	0x1
 908 03a8 05       		.byte	0x5
 909 03a9 03       		.byte	0x3
 910 03aa 00000000 		.4byte	gps_gain
 911 03ae 13       		.uleb128 0x13
 912 03af 6C030000 		.4byte	.LASF50
 913 03b3 06       		.byte	0x6
 914 03b4 9806     		.2byte	0x698
 915 03b6 CB010000 		.4byte	0x1cb
 916 03ba 01       		.byte	0x1
 917 03bb 01       		.byte	0x1
 918 03bc 14       		.uleb128 0x14
 919 03bd 29010000 		.4byte	.LASF51
 920 03c1 07       		.byte	0x7
 921 03c2 56       		.byte	0x56
 922 03c3 9B000000 		.4byte	0x9b
 923 03c7 01       		.byte	0x1
 924 03c8 01       		.byte	0x1
 925 03c9 14       		.uleb128 0x14
 926 03ca 6B020000 		.4byte	.LASF52
 927 03ce 08       		.byte	0x8
 928 03cf 66       		.byte	0x66
 929 03d0 9B000000 		.4byte	0x9b
 930 03d4 01       		.byte	0x1
 931 03d5 01       		.byte	0x1
 932 03d6 14       		.uleb128 0x14
 933 03d7 F8010000 		.4byte	.LASF53
 934 03db 09       		.byte	0x9
 935 03dc 37       		.byte	0x37
 936 03dd 9B000000 		.4byte	0x9b
 937 03e1 01       		.byte	0x1
 938 03e2 01       		.byte	0x1
 939 03e3 14       		.uleb128 0x14
 940 03e4 36010000 		.4byte	.LASF54
 941 03e8 09       		.byte	0x9
 942 03e9 38       		.byte	0x38
 943 03ea 7B000000 		.4byte	0x7b
 944 03ee 01       		.byte	0x1
 945 03ef 01       		.byte	0x1
 946 03f0 13       		.uleb128 0x13
 947 03f1 99020000 		.4byte	.LASF55
 948 03f5 0A       		.byte	0xa
 949 03f6 0E01     		.2byte	0x10e
 950 03f8 69000000 		.4byte	0x69
 951 03fc 01       		.byte	0x1
 952 03fd 01       		.byte	0x1
 953 03fe 13       		.uleb128 0x13
 954 03ff 7E020000 		.4byte	.LASF56
 955 0403 0A       		.byte	0xa
ARM GAS  C:\Users\Mohamad\AppData\Local\Temp\ccv862rk.s 			page 18


 956 0404 0F01     		.2byte	0x10f
 957 0406 69000000 		.4byte	0x69
 958 040a 01       		.byte	0x1
 959 040b 01       		.byte	0x1
 960 040c 13       		.uleb128 0x13
 961 040d FA000000 		.4byte	.LASF57
 962 0411 0A       		.byte	0xa
 963 0412 1001     		.2byte	0x110
 964 0414 69000000 		.4byte	0x69
 965 0418 01       		.byte	0x1
 966 0419 01       		.byte	0x1
 967 041a 13       		.uleb128 0x13
 968 041b D0000000 		.4byte	.LASF58
 969 041f 0A       		.byte	0xa
 970 0420 1201     		.2byte	0x112
 971 0422 49000000 		.4byte	0x49
 972 0426 01       		.byte	0x1
 973 0427 01       		.byte	0x1
 974 0428 13       		.uleb128 0x13
 975 0429 00000000 		.4byte	.LASF59
 976 042d 0A       		.byte	0xa
 977 042e 1301     		.2byte	0x113
 978 0430 BB000000 		.4byte	0xbb
 979 0434 01       		.byte	0x1
 980 0435 01       		.byte	0x1
 981 0436 13       		.uleb128 0x13
 982 0437 88020000 		.4byte	.LASF60
 983 043b 0A       		.byte	0xa
 984 043c 1401     		.2byte	0x114
 985 043e 69000000 		.4byte	0x69
 986 0442 01       		.byte	0x1
 987 0443 01       		.byte	0x1
 988 0444 13       		.uleb128 0x13
 989 0445 36000000 		.4byte	.LASF61
 990 0449 0A       		.byte	0xa
 991 044a 1801     		.2byte	0x118
 992 044c F8000000 		.4byte	0xf8
 993 0450 01       		.byte	0x1
 994 0451 01       		.byte	0x1
 995 0452 13       		.uleb128 0x13
 996 0453 C8010000 		.4byte	.LASF62
 997 0457 0A       		.byte	0xa
 998 0458 1901     		.2byte	0x119
 999 045a 49000000 		.4byte	0x49
 1000 045e 01       		.byte	0x1
 1001 045f 01       		.byte	0x1
 1002 0460 13       		.uleb128 0x13
 1003 0461 8D030000 		.4byte	.LASF63
 1004 0465 0A       		.byte	0xa
 1005 0466 1A01     		.2byte	0x11a
 1006 0468 7B000000 		.4byte	0x7b
 1007 046c 01       		.byte	0x1
 1008 046d 01       		.byte	0x1
 1009 046e 00       		.byte	0
 1010              		.section	.debug_abbrev,"",%progbits
 1011              	.Ldebug_abbrev0:
 1012 0000 01       		.uleb128 0x1
ARM GAS  C:\Users\Mohamad\AppData\Local\Temp\ccv862rk.s 			page 19


 1013 0001 11       		.uleb128 0x11
 1014 0002 01       		.byte	0x1
 1015 0003 25       		.uleb128 0x25
 1016 0004 0E       		.uleb128 0xe
 1017 0005 13       		.uleb128 0x13
 1018 0006 0B       		.uleb128 0xb
 1019 0007 03       		.uleb128 0x3
 1020 0008 0E       		.uleb128 0xe
 1021 0009 1B       		.uleb128 0x1b
 1022 000a 0E       		.uleb128 0xe
 1023 000b 55       		.uleb128 0x55
 1024 000c 06       		.uleb128 0x6
 1025 000d 11       		.uleb128 0x11
 1026 000e 01       		.uleb128 0x1
 1027 000f 52       		.uleb128 0x52
 1028 0010 01       		.uleb128 0x1
 1029 0011 10       		.uleb128 0x10
 1030 0012 06       		.uleb128 0x6
 1031 0013 00       		.byte	0
 1032 0014 00       		.byte	0
 1033 0015 02       		.uleb128 0x2
 1034 0016 24       		.uleb128 0x24
 1035 0017 00       		.byte	0
 1036 0018 0B       		.uleb128 0xb
 1037 0019 0B       		.uleb128 0xb
 1038 001a 3E       		.uleb128 0x3e
 1039 001b 0B       		.uleb128 0xb
 1040 001c 03       		.uleb128 0x3
 1041 001d 08       		.uleb128 0x8
 1042 001e 00       		.byte	0
 1043 001f 00       		.byte	0
 1044 0020 03       		.uleb128 0x3
 1045 0021 24       		.uleb128 0x24
 1046 0022 00       		.byte	0
 1047 0023 0B       		.uleb128 0xb
 1048 0024 0B       		.uleb128 0xb
 1049 0025 3E       		.uleb128 0x3e
 1050 0026 0B       		.uleb128 0xb
 1051 0027 03       		.uleb128 0x3
 1052 0028 0E       		.uleb128 0xe
 1053 0029 00       		.byte	0
 1054 002a 00       		.byte	0
 1055 002b 04       		.uleb128 0x4
 1056 002c 16       		.uleb128 0x16
 1057 002d 00       		.byte	0
 1058 002e 03       		.uleb128 0x3
 1059 002f 0E       		.uleb128 0xe
 1060 0030 3A       		.uleb128 0x3a
 1061 0031 0B       		.uleb128 0xb
 1062 0032 3B       		.uleb128 0x3b
 1063 0033 0B       		.uleb128 0xb
 1064 0034 49       		.uleb128 0x49
 1065 0035 13       		.uleb128 0x13
 1066 0036 00       		.byte	0
 1067 0037 00       		.byte	0
 1068 0038 05       		.uleb128 0x5
 1069 0039 13       		.uleb128 0x13
ARM GAS  C:\Users\Mohamad\AppData\Local\Temp\ccv862rk.s 			page 20


 1070 003a 01       		.byte	0x1
 1071 003b 03       		.uleb128 0x3
 1072 003c 0E       		.uleb128 0xe
 1073 003d 0B       		.uleb128 0xb
 1074 003e 0B       		.uleb128 0xb
 1075 003f 3A       		.uleb128 0x3a
 1076 0040 0B       		.uleb128 0xb
 1077 0041 3B       		.uleb128 0x3b
 1078 0042 0B       		.uleb128 0xb
 1079 0043 01       		.uleb128 0x1
 1080 0044 13       		.uleb128 0x13
 1081 0045 00       		.byte	0
 1082 0046 00       		.byte	0
 1083 0047 06       		.uleb128 0x6
 1084 0048 0D       		.uleb128 0xd
 1085 0049 00       		.byte	0
 1086 004a 03       		.uleb128 0x3
 1087 004b 08       		.uleb128 0x8
 1088 004c 3A       		.uleb128 0x3a
 1089 004d 0B       		.uleb128 0xb
 1090 004e 3B       		.uleb128 0x3b
 1091 004f 0B       		.uleb128 0xb
 1092 0050 49       		.uleb128 0x49
 1093 0051 13       		.uleb128 0x13
 1094 0052 38       		.uleb128 0x38
 1095 0053 0A       		.uleb128 0xa
 1096 0054 00       		.byte	0
 1097 0055 00       		.byte	0
 1098 0056 07       		.uleb128 0x7
 1099 0057 35       		.uleb128 0x35
 1100 0058 00       		.byte	0
 1101 0059 49       		.uleb128 0x49
 1102 005a 13       		.uleb128 0x13
 1103 005b 00       		.byte	0
 1104 005c 00       		.byte	0
 1105 005d 08       		.uleb128 0x8
 1106 005e 0D       		.uleb128 0xd
 1107 005f 00       		.byte	0
 1108 0060 03       		.uleb128 0x3
 1109 0061 0E       		.uleb128 0xe
 1110 0062 3A       		.uleb128 0x3a
 1111 0063 0B       		.uleb128 0xb
 1112 0064 3B       		.uleb128 0x3b
 1113 0065 0B       		.uleb128 0xb
 1114 0066 49       		.uleb128 0x49
 1115 0067 13       		.uleb128 0x13
 1116 0068 0B       		.uleb128 0xb
 1117 0069 0B       		.uleb128 0xb
 1118 006a 0D       		.uleb128 0xd
 1119 006b 0B       		.uleb128 0xb
 1120 006c 0C       		.uleb128 0xc
 1121 006d 0B       		.uleb128 0xb
 1122 006e 38       		.uleb128 0x38
 1123 006f 0A       		.uleb128 0xa
 1124 0070 00       		.byte	0
 1125 0071 00       		.byte	0
 1126 0072 09       		.uleb128 0x9
ARM GAS  C:\Users\Mohamad\AppData\Local\Temp\ccv862rk.s 			page 21


 1127 0073 16       		.uleb128 0x16
 1128 0074 00       		.byte	0
 1129 0075 03       		.uleb128 0x3
 1130 0076 08       		.uleb128 0x8
 1131 0077 3A       		.uleb128 0x3a
 1132 0078 0B       		.uleb128 0xb
 1133 0079 3B       		.uleb128 0x3b
 1134 007a 0B       		.uleb128 0xb
 1135 007b 49       		.uleb128 0x49
 1136 007c 13       		.uleb128 0x13
 1137 007d 00       		.byte	0
 1138 007e 00       		.byte	0
 1139 007f 0A       		.uleb128 0xa
 1140 0080 17       		.uleb128 0x17
 1141 0081 01       		.byte	0x1
 1142 0082 0B       		.uleb128 0xb
 1143 0083 0B       		.uleb128 0xb
 1144 0084 3A       		.uleb128 0x3a
 1145 0085 0B       		.uleb128 0xb
 1146 0086 3B       		.uleb128 0x3b
 1147 0087 0B       		.uleb128 0xb
 1148 0088 01       		.uleb128 0x1
 1149 0089 13       		.uleb128 0x13
 1150 008a 00       		.byte	0
 1151 008b 00       		.byte	0
 1152 008c 0B       		.uleb128 0xb
 1153 008d 0D       		.uleb128 0xd
 1154 008e 00       		.byte	0
 1155 008f 03       		.uleb128 0x3
 1156 0090 0E       		.uleb128 0xe
 1157 0091 3A       		.uleb128 0x3a
 1158 0092 0B       		.uleb128 0xb
 1159 0093 3B       		.uleb128 0x3b
 1160 0094 0B       		.uleb128 0xb
 1161 0095 49       		.uleb128 0x49
 1162 0096 13       		.uleb128 0x13
 1163 0097 00       		.byte	0
 1164 0098 00       		.byte	0
 1165 0099 0C       		.uleb128 0xc
 1166 009a 0D       		.uleb128 0xd
 1167 009b 00       		.byte	0
 1168 009c 49       		.uleb128 0x49
 1169 009d 13       		.uleb128 0x13
 1170 009e 38       		.uleb128 0x38
 1171 009f 0A       		.uleb128 0xa
 1172 00a0 00       		.byte	0
 1173 00a1 00       		.byte	0
 1174 00a2 0D       		.uleb128 0xd
 1175 00a3 0D       		.uleb128 0xd
 1176 00a4 00       		.byte	0
 1177 00a5 03       		.uleb128 0x3
 1178 00a6 08       		.uleb128 0x8
 1179 00a7 3A       		.uleb128 0x3a
 1180 00a8 0B       		.uleb128 0xb
 1181 00a9 3B       		.uleb128 0x3b
 1182 00aa 0B       		.uleb128 0xb
 1183 00ab 49       		.uleb128 0x49
ARM GAS  C:\Users\Mohamad\AppData\Local\Temp\ccv862rk.s 			page 22


 1184 00ac 13       		.uleb128 0x13
 1185 00ad 0B       		.uleb128 0xb
 1186 00ae 0B       		.uleb128 0xb
 1187 00af 0D       		.uleb128 0xd
 1188 00b0 0B       		.uleb128 0xb
 1189 00b1 0C       		.uleb128 0xc
 1190 00b2 0B       		.uleb128 0xb
 1191 00b3 38       		.uleb128 0x38
 1192 00b4 0A       		.uleb128 0xa
 1193 00b5 00       		.byte	0
 1194 00b6 00       		.byte	0
 1195 00b7 0E       		.uleb128 0xe
 1196 00b8 2E       		.uleb128 0x2e
 1197 00b9 00       		.byte	0
 1198 00ba 3F       		.uleb128 0x3f
 1199 00bb 0C       		.uleb128 0xc
 1200 00bc 03       		.uleb128 0x3
 1201 00bd 0E       		.uleb128 0xe
 1202 00be 3A       		.uleb128 0x3a
 1203 00bf 0B       		.uleb128 0xb
 1204 00c0 3B       		.uleb128 0x3b
 1205 00c1 0B       		.uleb128 0xb
 1206 00c2 27       		.uleb128 0x27
 1207 00c3 0C       		.uleb128 0xc
 1208 00c4 49       		.uleb128 0x49
 1209 00c5 13       		.uleb128 0x13
 1210 00c6 11       		.uleb128 0x11
 1211 00c7 01       		.uleb128 0x1
 1212 00c8 12       		.uleb128 0x12
 1213 00c9 01       		.uleb128 0x1
 1214 00ca 40       		.uleb128 0x40
 1215 00cb 0A       		.uleb128 0xa
 1216 00cc 9742     		.uleb128 0x2117
 1217 00ce 0C       		.uleb128 0xc
 1218 00cf 00       		.byte	0
 1219 00d0 00       		.byte	0
 1220 00d1 0F       		.uleb128 0xf
 1221 00d2 2E       		.uleb128 0x2e
 1222 00d3 01       		.byte	0x1
 1223 00d4 3F       		.uleb128 0x3f
 1224 00d5 0C       		.uleb128 0xc
 1225 00d6 03       		.uleb128 0x3
 1226 00d7 0E       		.uleb128 0xe
 1227 00d8 3A       		.uleb128 0x3a
 1228 00d9 0B       		.uleb128 0xb
 1229 00da 3B       		.uleb128 0x3b
 1230 00db 0B       		.uleb128 0xb
 1231 00dc 27       		.uleb128 0x27
 1232 00dd 0C       		.uleb128 0xc
 1233 00de 49       		.uleb128 0x49
 1234 00df 13       		.uleb128 0x13
 1235 00e0 11       		.uleb128 0x11
 1236 00e1 01       		.uleb128 0x1
 1237 00e2 12       		.uleb128 0x12
 1238 00e3 01       		.uleb128 0x1
 1239 00e4 40       		.uleb128 0x40
 1240 00e5 06       		.uleb128 0x6
ARM GAS  C:\Users\Mohamad\AppData\Local\Temp\ccv862rk.s 			page 23


 1241 00e6 9742     		.uleb128 0x2117
 1242 00e8 0C       		.uleb128 0xc
 1243 00e9 01       		.uleb128 0x1
 1244 00ea 13       		.uleb128 0x13
 1245 00eb 00       		.byte	0
 1246 00ec 00       		.byte	0
 1247 00ed 10       		.uleb128 0x10
 1248 00ee 34       		.uleb128 0x34
 1249 00ef 00       		.byte	0
 1250 00f0 03       		.uleb128 0x3
 1251 00f1 08       		.uleb128 0x8
 1252 00f2 3A       		.uleb128 0x3a
 1253 00f3 0B       		.uleb128 0xb
 1254 00f4 3B       		.uleb128 0x3b
 1255 00f5 0B       		.uleb128 0xb
 1256 00f6 49       		.uleb128 0x49
 1257 00f7 13       		.uleb128 0x13
 1258 00f8 02       		.uleb128 0x2
 1259 00f9 06       		.uleb128 0x6
 1260 00fa 00       		.byte	0
 1261 00fb 00       		.byte	0
 1262 00fc 11       		.uleb128 0x11
 1263 00fd 2E       		.uleb128 0x2e
 1264 00fe 00       		.byte	0
 1265 00ff 3F       		.uleb128 0x3f
 1266 0100 0C       		.uleb128 0xc
 1267 0101 03       		.uleb128 0x3
 1268 0102 0E       		.uleb128 0xe
 1269 0103 3A       		.uleb128 0x3a
 1270 0104 0B       		.uleb128 0xb
 1271 0105 3B       		.uleb128 0x3b
 1272 0106 0B       		.uleb128 0xb
 1273 0107 27       		.uleb128 0x27
 1274 0108 0C       		.uleb128 0xc
 1275 0109 49       		.uleb128 0x49
 1276 010a 13       		.uleb128 0x13
 1277 010b 11       		.uleb128 0x11
 1278 010c 01       		.uleb128 0x1
 1279 010d 12       		.uleb128 0x12
 1280 010e 01       		.uleb128 0x1
 1281 010f 40       		.uleb128 0x40
 1282 0110 06       		.uleb128 0x6
 1283 0111 9742     		.uleb128 0x2117
 1284 0113 0C       		.uleb128 0xc
 1285 0114 00       		.byte	0
 1286 0115 00       		.byte	0
 1287 0116 12       		.uleb128 0x12
 1288 0117 34       		.uleb128 0x34
 1289 0118 00       		.byte	0
 1290 0119 03       		.uleb128 0x3
 1291 011a 0E       		.uleb128 0xe
 1292 011b 3A       		.uleb128 0x3a
 1293 011c 0B       		.uleb128 0xb
 1294 011d 3B       		.uleb128 0x3b
 1295 011e 0B       		.uleb128 0xb
 1296 011f 49       		.uleb128 0x49
 1297 0120 13       		.uleb128 0x13
ARM GAS  C:\Users\Mohamad\AppData\Local\Temp\ccv862rk.s 			page 24


 1298 0121 3F       		.uleb128 0x3f
 1299 0122 0C       		.uleb128 0xc
 1300 0123 02       		.uleb128 0x2
 1301 0124 0A       		.uleb128 0xa
 1302 0125 00       		.byte	0
 1303 0126 00       		.byte	0
 1304 0127 13       		.uleb128 0x13
 1305 0128 34       		.uleb128 0x34
 1306 0129 00       		.byte	0
 1307 012a 03       		.uleb128 0x3
 1308 012b 0E       		.uleb128 0xe
 1309 012c 3A       		.uleb128 0x3a
 1310 012d 0B       		.uleb128 0xb
 1311 012e 3B       		.uleb128 0x3b
 1312 012f 05       		.uleb128 0x5
 1313 0130 49       		.uleb128 0x49
 1314 0131 13       		.uleb128 0x13
 1315 0132 3F       		.uleb128 0x3f
 1316 0133 0C       		.uleb128 0xc
 1317 0134 3C       		.uleb128 0x3c
 1318 0135 0C       		.uleb128 0xc
 1319 0136 00       		.byte	0
 1320 0137 00       		.byte	0
 1321 0138 14       		.uleb128 0x14
 1322 0139 34       		.uleb128 0x34
 1323 013a 00       		.byte	0
 1324 013b 03       		.uleb128 0x3
 1325 013c 0E       		.uleb128 0xe
 1326 013d 3A       		.uleb128 0x3a
 1327 013e 0B       		.uleb128 0xb
 1328 013f 3B       		.uleb128 0x3b
 1329 0140 0B       		.uleb128 0xb
 1330 0141 49       		.uleb128 0x49
 1331 0142 13       		.uleb128 0x13
 1332 0143 3F       		.uleb128 0x3f
 1333 0144 0C       		.uleb128 0xc
 1334 0145 3C       		.uleb128 0x3c
 1335 0146 0C       		.uleb128 0xc
 1336 0147 00       		.byte	0
 1337 0148 00       		.byte	0
 1338 0149 00       		.byte	0
 1339              		.section	.debug_loc,"",%progbits
 1340              	.Ldebug_loc0:
 1341              	.LLST0:
 1342 0000 00000000 		.4byte	.LFB122
 1343 0004 0A000000 		.4byte	.LCFI0
 1344 0008 0200     		.2byte	0x2
 1345 000a 7D       		.byte	0x7d
 1346 000b 00       		.sleb128 0
 1347 000c 0A000000 		.4byte	.LCFI0
 1348 0010 32000000 		.4byte	.LFE122
 1349 0014 0200     		.2byte	0x2
 1350 0016 7D       		.byte	0x7d
 1351 0017 08       		.sleb128 8
 1352 0018 00000000 		.4byte	0
 1353 001c 00000000 		.4byte	0
 1354              	.LLST1:
ARM GAS  C:\Users\Mohamad\AppData\Local\Temp\ccv862rk.s 			page 25


 1355 0020 1E000000 		.4byte	.LVL1
 1356 0024 20000000 		.4byte	.LVL2
 1357 0028 0700     		.2byte	0x7
 1358 002a 93       		.byte	0x93
 1359 002b 04       		.uleb128 0x4
 1360 002c 54       		.byte	0x54
 1361 002d 93       		.byte	0x93
 1362 002e 04       		.uleb128 0x4
 1363 002f 93       		.byte	0x93
 1364 0030 04       		.uleb128 0x4
 1365 0031 20000000 		.4byte	.LVL2
 1366 0035 32000000 		.4byte	.LFE122
 1367 0039 0800     		.2byte	0x8
 1368 003b 93       		.byte	0x93
 1369 003c 04       		.uleb128 0x4
 1370 003d 54       		.byte	0x54
 1371 003e 93       		.byte	0x93
 1372 003f 04       		.uleb128 0x4
 1373 0040 51       		.byte	0x51
 1374 0041 93       		.byte	0x93
 1375 0042 04       		.uleb128 0x4
 1376 0043 00000000 		.4byte	0
 1377 0047 00000000 		.4byte	0
 1378              	.LLST2:
 1379 004b 00000000 		.4byte	.LFB123
 1380 004f 0A000000 		.4byte	.LCFI1
 1381 0053 0200     		.2byte	0x2
 1382 0055 7D       		.byte	0x7d
 1383 0056 00       		.sleb128 0
 1384 0057 0A000000 		.4byte	.LCFI1
 1385 005b 1A000000 		.4byte	.LFE123
 1386 005f 0200     		.2byte	0x2
 1387 0061 7D       		.byte	0x7d
 1388 0062 04       		.sleb128 4
 1389 0063 00000000 		.4byte	0
 1390 0067 00000000 		.4byte	0
 1391              		.section	.debug_aranges,"",%progbits
 1392 0000 74000000 		.4byte	0x74
 1393 0004 0200     		.2byte	0x2
 1394 0006 00000000 		.4byte	.Ldebug_info0
 1395 000a 04       		.byte	0x4
 1396 000b 00       		.byte	0
 1397 000c 0000     		.2byte	0
 1398 000e 0000     		.2byte	0
 1399 0010 00000000 		.4byte	.LFB118
 1400 0014 14000000 		.4byte	.LFE118-.LFB118
 1401 0018 00000000 		.4byte	.LFB119
 1402 001c 0C000000 		.4byte	.LFE119-.LFB119
 1403 0020 00000000 		.4byte	.LFB120
 1404 0024 0C000000 		.4byte	.LFE120-.LFB120
 1405 0028 00000000 		.4byte	.LFB121
 1406 002c 0C000000 		.4byte	.LFE121-.LFB121
 1407 0030 00000000 		.4byte	.LFB122
 1408 0034 32000000 		.4byte	.LFE122-.LFB122
 1409 0038 00000000 		.4byte	.LFB123
 1410 003c 1A000000 		.4byte	.LFE123-.LFB123
 1411 0040 00000000 		.4byte	.LFB124
ARM GAS  C:\Users\Mohamad\AppData\Local\Temp\ccv862rk.s 			page 26


 1412 0044 0C000000 		.4byte	.LFE124-.LFB124
 1413 0048 00000000 		.4byte	.LFB125
 1414 004c 0C000000 		.4byte	.LFE125-.LFB125
 1415 0050 00000000 		.4byte	.LFB126
 1416 0054 02000000 		.4byte	.LFE126-.LFB126
 1417 0058 00000000 		.4byte	.LFB127
 1418 005c 02000000 		.4byte	.LFE127-.LFB127
 1419 0060 00000000 		.4byte	.LFB128
 1420 0064 24000000 		.4byte	.LFE128-.LFB128
 1421 0068 00000000 		.4byte	.LFB129
 1422 006c 0C000000 		.4byte	.LFE129-.LFB129
 1423 0070 00000000 		.4byte	0
 1424 0074 00000000 		.4byte	0
 1425              		.section	.debug_ranges,"",%progbits
 1426              	.Ldebug_ranges0:
 1427 0000 00000000 		.4byte	.LFB118
 1428 0004 14000000 		.4byte	.LFE118
 1429 0008 00000000 		.4byte	.LFB119
 1430 000c 0C000000 		.4byte	.LFE119
 1431 0010 00000000 		.4byte	.LFB120
 1432 0014 0C000000 		.4byte	.LFE120
 1433 0018 00000000 		.4byte	.LFB121
 1434 001c 0C000000 		.4byte	.LFE121
 1435 0020 00000000 		.4byte	.LFB122
 1436 0024 32000000 		.4byte	.LFE122
 1437 0028 00000000 		.4byte	.LFB123
 1438 002c 1A000000 		.4byte	.LFE123
 1439 0030 00000000 		.4byte	.LFB124
 1440 0034 0C000000 		.4byte	.LFE124
 1441 0038 00000000 		.4byte	.LFB125
 1442 003c 0C000000 		.4byte	.LFE125
 1443 0040 00000000 		.4byte	.LFB126
 1444 0044 02000000 		.4byte	.LFE126
 1445 0048 00000000 		.4byte	.LFB127
 1446 004c 02000000 		.4byte	.LFE127
 1447 0050 00000000 		.4byte	.LFB128
 1448 0054 24000000 		.4byte	.LFE128
 1449 0058 00000000 		.4byte	.LFB129
 1450 005c 0C000000 		.4byte	.LFE129
 1451 0060 00000000 		.4byte	0
 1452 0064 00000000 		.4byte	0
 1453              		.section	.debug_line,"",%progbits
 1454              	.Ldebug_line0:
 1455 0000 5F020000 		.section	.debug_str,"MS",%progbits,1
 1455      02006C01 
 1455      00000201 
 1455      FB0E0D00 
 1455      01010101 
 1456              	.LASF59:
 1457 0000 67726F75 		.ascii	"ground_speed\000"
 1457      6E645F73 
 1457      70656564 
 1457      00
 1458              	.LASF33:
 1459 000d 6765745F 		.ascii	"get_GPS_FIX_TYPE\000"
 1459      4750535F 
 1459      4649585F 
ARM GAS  C:\Users\Mohamad\AppData\Local\Temp\ccv862rk.s 			page 27


 1459      54595045 
 1459      00
 1460              	.LASF35:
 1461 001e 6765745F 		.ascii	"get_GPS_velocity\000"
 1461      4750535F 
 1461      76656C6F 
 1461      63697479 
 1461      00
 1462              	.LASF2:
 1463 002f 696E7438 		.ascii	"int8_t\000"
 1463      5F7400
 1464              	.LASF61:
 1465 0036 4E45445F 		.ascii	"NED_vlocity\000"
 1465      766C6F63 
 1465      69747900 
 1466              	.LASF5:
 1467 0042 73686F72 		.ascii	"short int\000"
 1467      7420696E 
 1467      7400
 1468              	.LASF15:
 1469 004c 73697A65 		.ascii	"sizetype\000"
 1469      74797065 
 1469      00
 1470              	.LASF64:
 1471 0055 474E5520 		.ascii	"GNU C 4.7.4 20140401 (release) [ARM/embedded-4_7-br"
 1471      4320342E 
 1471      372E3420 
 1471      32303134 
 1471      30343031 
 1472 0088 616E6368 		.ascii	"anch revision 209195]\000"
 1472      20726576 
 1472      6973696F 
 1472      6E203230 
 1472      39313935 
 1473              	.LASF37:
 1474 009e 6765745F 		.ascii	"get_GPS_last_fix_time_ms\000"
 1474      4750535F 
 1474      6C617374 
 1474      5F666978 
 1474      5F74696D 
 1475              	.LASF34:
 1476 00b7 6765745F 		.ascii	"get_GPS_ground_course_cd\000"
 1476      4750535F 
 1476      67726F75 
 1476      6E645F63 
 1476      6F757273 
 1477              	.LASF58:
 1478 00d0 4649585F 		.ascii	"FIX_TYPE\000"
 1478      54595045 
 1478      00
 1479              	.LASF30:
 1480 00d9 6C6F6E67 		.ascii	"long double\000"
 1480      20646F75 
 1480      626C6500 
 1481              	.LASF49:
 1482 00e5 6770735F 		.ascii	"gps_gain\000"
 1482      6761696E 
ARM GAS  C:\Users\Mohamad\AppData\Local\Temp\ccv862rk.s 			page 28


 1482      00
 1483              	.LASF43:
 1484 00ee 726F6C6C 		.ascii	"roll_sensor\000"
 1484      5F73656E 
 1484      736F7200 
 1485              	.LASF57:
 1486 00fa 6770735F 		.ascii	"gps_altitude\000"
 1486      616C7469 
 1486      74756465 
 1486      00
 1487              	.LASF67:
 1488 0107 6765745F 		.ascii	"get_GPS_Location\000"
 1488      4750535F 
 1488      4C6F6361 
 1488      74696F6E 
 1488      00
 1489              	.LASF31:
 1490 0118 68617665 		.ascii	"have_gps\000"
 1490      5F677073 
 1490      00
 1491              	.LASF3:
 1492 0121 75696E74 		.ascii	"uint8_t\000"
 1492      385F7400 
 1493              	.LASF51:
 1494 0129 6261726F 		.ascii	"baro_healthy\000"
 1494      5F686561 
 1494      6C746879 
 1494      00
 1495              	.LASF54:
 1496 0136 436F6D70 		.ascii	"Comp_last_update\000"
 1496      5F6C6173 
 1496      745F7570 
 1496      64617465 
 1496      00
 1497              	.LASF39:
 1498 0147 41697273 		.ascii	"Airspeed_using\000"
 1498      70656564 
 1498      5F757369 
 1498      6E6700
 1499              	.LASF17:
 1500 0156 666C6F61 		.ascii	"float\000"
 1500      7400
 1501              	.LASF44:
 1502 015c 70697463 		.ascii	"pitch_sensor\000"
 1502      685F7365 
 1502      6E736F72 
 1502      00
 1503              	.LASF11:
 1504 0169 6C6F6E67 		.ascii	"long long int\000"
 1504      206C6F6E 
 1504      6720696E 
 1504      7400
 1505              	.LASF12:
 1506 0177 6C6F6E67 		.ascii	"long long unsigned int\000"
 1506      206C6F6E 
 1506      6720756E 
 1506      7369676E 
ARM GAS  C:\Users\Mohamad\AppData\Local\Temp\ccv862rk.s 			page 29


 1506      65642069 
 1507              	.LASF48:
 1508 018e 5F677073 		.ascii	"_gps_minsats\000"
 1508      5F6D696E 
 1508      73617473 
 1508      00
 1509              	.LASF8:
 1510 019b 6C6F6E67 		.ascii	"long int\000"
 1510      20696E74 
 1510      00
 1511              	.LASF66:
 1512 01a4 433A5C43 		.ascii	"C:\\ChibiStudio\\workspace\\DCM_test_3\000"
 1512      68696269 
 1512      53747564 
 1512      696F5C77 
 1512      6F726B73 
 1513              	.LASF62:
 1514 01c8 73617465 		.ascii	"satellites\000"
 1514      6C6C6974 
 1514      657300
 1515              	.LASF27:
 1516 01d3 53545F4C 		.ascii	"ST_Location\000"
 1516      6F636174 
 1516      696F6E00 
 1517              	.LASF65:
 1518 01df 41485253 		.ascii	"AHRS.c\000"
 1518      2E6300
 1519              	.LASF25:
 1520 01e6 666C6167 		.ascii	"flags\000"
 1520      7300
 1521              	.LASF24:
 1522 01ec 74657272 		.ascii	"terrain_alt\000"
 1522      61696E5F 
 1522      616C7400 
 1523              	.LASF53:
 1524 01f8 636F6D70 		.ascii	"comp_healthy\000"
 1524      5F686561 
 1524      6C746879 
 1524      00
 1525              	.LASF4:
 1526 0205 756E7369 		.ascii	"unsigned char\000"
 1526      676E6564 
 1526      20636861 
 1526      7200
 1527              	.LASF1:
 1528 0213 7369676E 		.ascii	"signed char\000"
 1528      65642063 
 1528      68617200 
 1529              	.LASF40:
 1530 021f 696E735F 		.ascii	"ins_healthy\000"
 1530      6865616C 
 1530      74687900 
 1531              	.LASF20:
 1532 022b 4C6F6361 		.ascii	"Location_Option_Flags\000"
 1532      74696F6E 
 1532      5F4F7074 
 1532      696F6E5F 
ARM GAS  C:\Users\Mohamad\AppData\Local\Temp\ccv862rk.s 			page 30


 1532      466C6167 
 1533              	.LASF9:
 1534 0241 75696E74 		.ascii	"uint32_t\000"
 1534      33325F74 
 1534      00
 1535              	.LASF41:
 1536 024a 436F6D70 		.ascii	"Compass_last_update\000"
 1536      6173735F 
 1536      6C617374 
 1536      5F757064 
 1536      61746500 
 1537              	.LASF0:
 1538 025e 756E7369 		.ascii	"unsigned int\000"
 1538      676E6564 
 1538      20696E74 
 1538      00
 1539              	.LASF52:
 1540 026b 6779726F 		.ascii	"gyro_accel_healthy\000"
 1540      5F616363 
 1540      656C5F68 
 1540      65616C74 
 1540      687900
 1541              	.LASF56:
 1542 027e 6C6F6E67 		.ascii	"longitude\000"
 1542      69747564 
 1542      6500
 1543              	.LASF60:
 1544 0288 67726F75 		.ascii	"ground_course_cd\000"
 1544      6E645F63 
 1544      6F757273 
 1544      655F6364 
 1544      00
 1545              	.LASF55:
 1546 0299 6C617469 		.ascii	"latitude\000"
 1546      74756465 
 1546      00
 1547              	.LASF38:
 1548 02a2 6765745F 		.ascii	"get_Airspeed\000"
 1548      41697273 
 1548      70656564 
 1548      00
 1549              	.LASF6:
 1550 02af 73686F72 		.ascii	"short unsigned int\000"
 1550      7420756E 
 1550      7369676E 
 1550      65642069 
 1550      6E7400
 1551              	.LASF18:
 1552 02c2 56656374 		.ascii	"Vector3f\000"
 1552      6F723366 
 1552      00
 1553              	.LASF16:
 1554 02cb 63686172 		.ascii	"char\000"
 1554      00
 1555              	.LASF7:
 1556 02d0 696E7433 		.ascii	"int32_t\000"
 1556      325F7400 
ARM GAS  C:\Users\Mohamad\AppData\Local\Temp\ccv862rk.s 			page 31


 1557              	.LASF13:
 1558 02d8 626F6F6C 		.ascii	"bool_t\000"
 1558      5F7400
 1559              	.LASF45:
 1560 02df 7961775F 		.ascii	"yaw_sensor\000"
 1560      73656E73 
 1560      6F7200
 1561              	.LASF14:
 1562 02ea 5F426F6F 		.ascii	"_Bool\000"
 1562      6C00
 1563              	.LASF42:
 1564 02f0 5F747269 		.ascii	"_trim\000"
 1564      6D00
 1565              	.LASF26:
 1566 02f6 6F707469 		.ascii	"options\000"
 1566      6F6E7300 
 1567              	.LASF46:
 1568 02fe 6779726F 		.ascii	"gyro_drift_limit\000"
 1568      5F647269 
 1568      66745F6C 
 1568      696D6974 
 1568      00
 1569              	.LASF10:
 1570 030f 6C6F6E67 		.ascii	"long unsigned int\000"
 1570      20756E73 
 1570      69676E65 
 1570      6420696E 
 1570      7400
 1571              	.LASF29:
 1572 0321 646F7562 		.ascii	"double\000"
 1572      6C6500
 1573              	.LASF22:
 1574 0328 756E7573 		.ascii	"unused1\000"
 1574      65643100 
 1575              	.LASF28:
 1576 0330 4C6F6361 		.ascii	"Location\000"
 1576      74696F6E 
 1576      00
 1577              	.LASF32:
 1578 0339 6765745F 		.ascii	"get_GPS_ground_speed\000"
 1578      4750535F 
 1578      67726F75 
 1578      6E645F73 
 1578      70656564 
 1579              	.LASF36:
 1580 034e 6765745F 		.ascii	"get_GPS_num_sats\000"
 1580      4750535F 
 1580      6E756D5F 
 1580      73617473 
 1580      00
 1581              	.LASF21:
 1582 035f 72656C61 		.ascii	"relative_alt\000"
 1582      74697665 
 1582      5F616C74 
 1582      00
 1583              	.LASF50:
 1584 036c 49544D5F 		.ascii	"ITM_RxBuffer\000"
ARM GAS  C:\Users\Mohamad\AppData\Local\Temp\ccv862rk.s 			page 32


 1584      52784275 
 1584      66666572 
 1584      00
 1585              	.LASF47:
 1586 0379 5F677073 		.ascii	"_gps_use\000"
 1586      5F757365 
 1586      00
 1587              	.LASF23:
 1588 0382 6C6F6974 		.ascii	"loiter_ccw\000"
 1588      65725F63 
 1588      637700
 1589              	.LASF63:
 1590 038d 6C617374 		.ascii	"last_fix_time_ms\000"
 1590      5F666978 
 1590      5F74696D 
 1590      655F6D73 
 1590      00
 1591              	.LASF19:
 1592 039e 56454354 		.ascii	"VECTOR\000"
 1592      4F5200
 1593              		.ident	"GCC: (GNU Tools for ARM Embedded Processors) 4.7.4 20140401 (release) [ARM/embedded-4_7-br
ARM GAS  C:\Users\Mohamad\AppData\Local\Temp\ccv862rk.s 			page 33


DEFINED SYMBOLS
                            *ABS*:00000000 AHRS.c
C:\Users\Mohamad\AppData\Local\Temp\ccv862rk.s:19     .text.have_gps:00000000 $t
C:\Users\Mohamad\AppData\Local\Temp\ccv862rk.s:25     .text.have_gps:00000000 have_gps
C:\Users\Mohamad\AppData\Local\Temp\ccv862rk.s:47     .text.get_GPS_ground_speed:00000000 $t
C:\Users\Mohamad\AppData\Local\Temp\ccv862rk.s:53     .text.get_GPS_ground_speed:00000000 get_GPS_ground_speed
C:\Users\Mohamad\AppData\Local\Temp\ccv862rk.s:70     .text.get_GPS_FIX_TYPE:00000000 $t
C:\Users\Mohamad\AppData\Local\Temp\ccv862rk.s:76     .text.get_GPS_FIX_TYPE:00000000 get_GPS_FIX_TYPE
C:\Users\Mohamad\AppData\Local\Temp\ccv862rk.s:93     .text.get_GPS_ground_course_cd:00000000 $t
C:\Users\Mohamad\AppData\Local\Temp\ccv862rk.s:99     .text.get_GPS_ground_course_cd:00000000 get_GPS_ground_course_cd
C:\Users\Mohamad\AppData\Local\Temp\ccv862rk.s:116    .text.get_GPS_Location:00000000 $t
C:\Users\Mohamad\AppData\Local\Temp\ccv862rk.s:122    .text.get_GPS_Location:00000000 get_GPS_Location
C:\Users\Mohamad\AppData\Local\Temp\ccv862rk.s:170    .text.get_GPS_velocity:00000000 $t
C:\Users\Mohamad\AppData\Local\Temp\ccv862rk.s:176    .text.get_GPS_velocity:00000000 get_GPS_velocity
C:\Users\Mohamad\AppData\Local\Temp\ccv862rk.s:206    .text.get_GPS_num_sats:00000000 $t
C:\Users\Mohamad\AppData\Local\Temp\ccv862rk.s:212    .text.get_GPS_num_sats:00000000 get_GPS_num_sats
C:\Users\Mohamad\AppData\Local\Temp\ccv862rk.s:229    .text.get_GPS_last_fix_time_ms:00000000 $t
C:\Users\Mohamad\AppData\Local\Temp\ccv862rk.s:235    .text.get_GPS_last_fix_time_ms:00000000 get_GPS_last_fix_time_ms
C:\Users\Mohamad\AppData\Local\Temp\ccv862rk.s:252    .text.get_Airspeed:00000000 $t
C:\Users\Mohamad\AppData\Local\Temp\ccv862rk.s:258    .text.get_Airspeed:00000000 get_Airspeed
C:\Users\Mohamad\AppData\Local\Temp\ccv862rk.s:271    .text.Airspeed_using:00000000 $t
C:\Users\Mohamad\AppData\Local\Temp\ccv862rk.s:277    .text.Airspeed_using:00000000 Airspeed_using
C:\Users\Mohamad\AppData\Local\Temp\ccv862rk.s:290    .text.ins_healthy:00000000 $t
C:\Users\Mohamad\AppData\Local\Temp\ccv862rk.s:296    .text.ins_healthy:00000000 ins_healthy
C:\Users\Mohamad\AppData\Local\Temp\ccv862rk.s:323    .text.ins_healthy:00000018 $d
C:\Users\Mohamad\AppData\Local\Temp\ccv862rk.s:330    .text.Compass_last_update:00000000 $t
C:\Users\Mohamad\AppData\Local\Temp\ccv862rk.s:336    .text.Compass_last_update:00000000 Compass_last_update
C:\Users\Mohamad\AppData\Local\Temp\ccv862rk.s:369    .data._gps_use:00000000 _gps_use
C:\Users\Mohamad\AppData\Local\Temp\ccv862rk.s:389    .data.gps_gain:00000000 gps_gain
C:\Users\Mohamad\AppData\Local\Temp\ccv862rk.s:394    .data._gps_minsats:00000000 _gps_minsats
C:\Users\Mohamad\AppData\Local\Temp\ccv862rk.s:406    .data.gyro_drift_limit:00000000 gyro_drift_limit
C:\Users\Mohamad\AppData\Local\Temp\ccv862rk.s:400    .bss.yaw_sensor:00000000 yaw_sensor
C:\Users\Mohamad\AppData\Local\Temp\ccv862rk.s:364    .bss.pitch_sensor:00000000 pitch_sensor
C:\Users\Mohamad\AppData\Local\Temp\ccv862rk.s:383    .bss.roll_sensor:00000000 roll_sensor
C:\Users\Mohamad\AppData\Local\Temp\ccv862rk.s:375    .data._trim:00000000 _trim
C:\Users\Mohamad\AppData\Local\Temp\ccv862rk.s:361    .bss.pitch_sensor:00000000 $d
C:\Users\Mohamad\AppData\Local\Temp\ccv862rk.s:372    .data._trim:00000000 $d
C:\Users\Mohamad\AppData\Local\Temp\ccv862rk.s:380    .bss.roll_sensor:00000000 $d
C:\Users\Mohamad\AppData\Local\Temp\ccv862rk.s:386    .data.gps_gain:00000000 $d
C:\Users\Mohamad\AppData\Local\Temp\ccv862rk.s:397    .bss.yaw_sensor:00000000 $d
C:\Users\Mohamad\AppData\Local\Temp\ccv862rk.s:403    .data.gyro_drift_limit:00000000 $d
                     .debug_frame:00000010 $d
C:\Users\Mohamad\AppData\Local\Temp\ccv862rk.s:329    .text.ins_healthy:00000024 $t

UNDEFINED SYMBOLS
FIX_TYPE
ground_speed
ground_course_cd
gps_altitude
longitude
latitude
NED_vlocity
satellites
last_fix_time_ms
gyro_accel_healthy
baro_healthy
comp_healthy
ARM GAS  C:\Users\Mohamad\AppData\Local\Temp\ccv862rk.s 			page 34


Comp_last_update
